c:\users\sang\downloads\compvision\handgesture\handgesture\debug\vc120.pdb
c:\users\sang\downloads\compvision\handgesture\vsproj\handgesture\debug\vc120.pdb
c:\users\sang\downloads\compvision\aicompvision\vsproj\handgesture\debug\vc120.pdb
c:\users\sang\downloads\aicompvision\vsproj\handgesture\debug\vc120.pdb
c:\users\sang\downloads\aicompvision\vsproj\handgesture\debug\vc120.idb
c:\users\sang\downloads\aicompvision\vsproj\handgesture\debug\main.obj
c:\users\sang\downloads\aicompvision\vsproj\handgesture\debug\stdafx.obj
c:\users\sang\downloads\aicompvision\vsproj\handgesture\debug\utils.obj
c:\users\sang\downloads\compvision\handgesture\debug\handgesture.ilk
c:\users\sang\downloads\compvision\handgesture\debug\handgesture.exe
c:\users\sang\downloads\compvision\handgesture\debug\handgesture.pdb
c:\users\sang\downloads\compvision\handgesture\vsproj\debug\handgesture.ilk
c:\users\sang\downloads\compvision\handgesture\vsproj\debug\handgesture.exe
c:\users\sang\downloads\compvision\handgesture\vsproj\debug\handgesture.pdb
c:\users\sang\downloads\compvision\aicompvision\vsproj\debug\handgesture.ilk
c:\users\sang\downloads\compvision\aicompvision\vsproj\debug\handgesture.exe
c:\users\sang\downloads\compvision\aicompvision\vsproj\debug\handgesture.pdb
c:\users\sang\downloads\aicompvision\vsproj\debug\handgesture.ilk
c:\users\sang\downloads\aicompvision\vsproj\debug\handgesture.exe
c:\users\sang\downloads\aicompvision\vsproj\debug\handgesture.pdb
c:\users\sang\downloads\aicompvision\vsproj\handgesture\debug\handgesture.tlog\cl.command.1.tlog
c:\users\sang\downloads\aicompvision\vsproj\handgesture\debug\handgesture.tlog\cl.read.1.tlog
c:\users\sang\downloads\aicompvision\vsproj\handgesture\debug\handgesture.tlog\cl.write.1.tlog
c:\users\sang\downloads\aicompvision\vsproj\handgesture\debug\handgesture.tlog\link.command.1.tlog
c:\users\sang\downloads\aicompvision\vsproj\handgesture\debug\handgesture.tlog\link.read.1.tlog
c:\users\sang\downloads\aicompvision\vsproj\handgesture\debug\handgesture.tlog\link.write.1.tlog
